<?xml version="1.0" encoding="UTF-8"?>
<robot generator="Robot 5.0 (Python 3.9.7 on win32)" generated="20220402 14:17:52.171" rpa="false" schemaversion="3">
<suite id="s1" name="RadioButtons" source="C:\Users\rully\PycharmProjects\TestProject\TestCases\RadioButtons.robot">
<test id="s1-t1" name="Testing Radio Buttons and Check Boxes" line="9">
<kw name="Open Browser" library="SeleniumLibrary">
<arg>${url}</arg>
<arg>${browser}</arg>
<doc>Opens a new browser instance to the optional ``url``.</doc>
<msg timestamp="20220402 14:17:52.367" level="INFO">Opening browser 'chrome' to base url 'https://testpages.herokuapp.com/styled/basic-html-form-test.html'.</msg>
<status status="PASS" starttime="20220402 14:17:52.367" endtime="20220402 14:17:54.688"/>
</kw>
<kw name="Maximize Browser Window" library="SeleniumLibrary">
<doc>Maximizes current browser window.</doc>
<status status="PASS" starttime="20220402 14:17:54.689" endtime="20220402 14:17:54.805"/>
</kw>
<kw name="Set Selenium Speed" library="SeleniumLibrary">
<arg>2seconds</arg>
<doc>Sets the delay that is waited after each Selenium command.</doc>
<status status="PASS" starttime="20220402 14:17:54.805" endtime="20220402 14:17:54.806"/>
</kw>
<kw name="Select Radio Button" library="SeleniumLibrary">
<arg>radioval</arg>
<arg>rd1</arg>
<doc>Sets the radio button group ``group_name`` to ``value``.</doc>
<msg timestamp="20220402 14:17:54.806" level="INFO">Selecting 'rd1' from radio button 'radioval'.</msg>
<status status="PASS" starttime="20220402 14:17:54.806" endtime="20220402 14:18:00.890"/>
</kw>
<kw name="Select Checkbox" library="SeleniumLibrary">
<arg>cb1</arg>
<doc>Selects the checkbox identified by ``locator``.</doc>
<msg timestamp="20220402 14:18:00.891" level="INFO">Selecting checkbox 'cb1'.</msg>
<status status="PASS" starttime="20220402 14:18:00.891" endtime="20220402 14:18:08.978"/>
</kw>
<kw name="Select Checkbox" library="SeleniumLibrary">
<arg>cb2</arg>
<doc>Selects the checkbox identified by ``locator``.</doc>
<msg timestamp="20220402 14:18:08.980" level="INFO">Selecting checkbox 'cb2'.</msg>
<status status="PASS" starttime="20220402 14:18:08.979" endtime="20220402 14:18:17.111"/>
</kw>
<kw name="Unselect Checkbox" library="SeleniumLibrary">
<arg>cb2</arg>
<doc>Removes the selection of checkbox identified by ``locator``.</doc>
<msg timestamp="20220402 14:18:17.112" level="INFO">Unselecting checkbox 'cb2'.</msg>
<status status="PASS" starttime="20220402 14:18:17.111" endtime="20220402 14:18:25.237"/>
</kw>
<status status="PASS" starttime="20220402 14:17:52.366" endtime="20220402 14:18:25.238"/>
</test>
<status status="PASS" starttime="20220402 14:17:52.173" endtime="20220402 14:18:25.239"/>
</suite>
<statistics>
<total>
<stat pass="1" fail="0" skip="0">All Tests</stat>
</total>
<tag>
</tag>
<suite>
<stat pass="1" fail="0" skip="0" id="s1" name="RadioButtons">RadioButtons</stat>
</suite>
</statistics>
<errors>
</errors>
</robot>
