<?xml version="1.0" encoding="UTF-8"?>
<robot generator="Robot 5.0 (Python 3.9.7 on win32)" generated="20220401 23:09:20.553" rpa="false" schemaversion="3">
<suite id="s1" name="Tagging" source="C:\Users\rully\PycharmProjects\TestProject\TestCases\Tagging.robot">
<test id="s1-t1" name="TC2 LoginTest" line="9">
<kw name="Log To Console" library="BuiltIn">
<arg>This is login test</arg>
<doc>Logs the given message to the console.</doc>
<status status="PASS" starttime="20220401 23:09:20.578" endtime="20220401 23:09:20.578"/>
</kw>
<kw name="Log To Console" library="BuiltIn">
<arg>login test is over</arg>
<doc>Logs the given message to the console.</doc>
<status status="PASS" starttime="20220401 23:09:20.578" endtime="20220401 23:09:20.578"/>
</kw>
<tag>sanity</tag>
<status status="PASS" starttime="20220401 23:09:20.578" endtime="20220401 23:09:20.578"/>
</test>
<test id="s1-t2" name="TC4 Logout Test" line="17">
<kw name="Log To Console" library="BuiltIn">
<arg>This is logout test</arg>
<doc>Logs the given message to the console.</doc>
<status status="PASS" starttime="20220401 23:09:20.578" endtime="20220401 23:09:20.578"/>
</kw>
<kw name="Log To Console" library="BuiltIn">
<arg>logout test is over</arg>
<doc>Logs the given message to the console.</doc>
<status status="PASS" starttime="20220401 23:09:20.578" endtime="20220401 23:09:20.583"/>
</kw>
<tag>sanity</tag>
<status status="PASS" starttime="20220401 23:09:20.578" endtime="20220401 23:09:20.583"/>
</test>
<status status="PASS" starttime="20220401 23:09:20.553" endtime="20220401 23:09:20.583"/>
</suite>
<statistics>
<total>
<stat pass="2" fail="0" skip="0">All Tests</stat>
</total>
<tag>
<stat pass="2" fail="0" skip="0">sanity</stat>
</tag>
<suite>
<stat pass="2" fail="0" skip="0" id="s1" name="Tagging">Tagging</stat>
</suite>
</statistics>
<errors>
</errors>
</robot>
