<?xml version="1.0" encoding="UTF-8"?>
<robot generator="Robot 5.0 (Python 3.9.7 on win32)" generated="20220329 12:24:32.585" rpa="false" schemaversion="3">
<suite id="s1" name="UserKeywords" source="C:\Users\rully\PycharmProjects\TestProject\TestCases\UserKeywords.robot">
<test id="s1-t1" name="TC1" line="9">
<kw name="launchBrowser" library="resources">
<var>${PageTitle}</var>
<arg>${url}</arg>
<arg>${browser}</arg>
<kw name="Open Browser" library="SeleniumLibrary">
<arg>${appurl}</arg>
<arg>${appbrowser}</arg>
<doc>Opens a new browser instance to the optional ``url``.</doc>
<msg timestamp="20220329 12:24:32.776" level="INFO">Opening browser 'chrome' to base url 'https://mdlposgrados.cuvalles.udg.mx/login/index.php'.</msg>
<status status="PASS" starttime="20220329 12:24:32.776" endtime="20220329 12:24:36.465"/>
</kw>
<kw name="Maximize Browser Window" library="SeleniumLibrary">
<doc>Maximizes current browser window.</doc>
<status status="PASS" starttime="20220329 12:24:36.465" endtime="20220329 12:24:36.578"/>
</kw>
<kw name="Get Title" library="SeleniumLibrary">
<var>${title}</var>
<doc>Returns the title of the current page.</doc>
<msg timestamp="20220329 12:24:36.578" level="INFO">${title} = Moodle Posgrados CUValles: Ingresar al sitio</msg>
<status status="PASS" starttime="20220329 12:24:36.578" endtime="20220329 12:24:36.578"/>
</kw>
<msg timestamp="20220329 12:24:36.578" level="INFO">${PageTitle} = Moodle Posgrados CUValles: Ingresar al sitio</msg>
<status status="PASS" starttime="20220329 12:24:32.766" endtime="20220329 12:24:36.578"/>
</kw>
<kw name="Log To Console" library="BuiltIn">
<arg>${PageTitle}</arg>
<doc>Logs the given message to the console.</doc>
<status status="PASS" starttime="20220329 12:24:36.578" endtime="20220329 12:24:36.578"/>
</kw>
<kw name="Log" library="BuiltIn">
<arg>${PageTitle}</arg>
<doc>Logs the given message with the given level.</doc>
<msg timestamp="20220329 12:24:36.578" level="INFO">Moodle Posgrados CUValles: Ingresar al sitio</msg>
<status status="PASS" starttime="20220329 12:24:36.578" endtime="20220329 12:24:36.578"/>
</kw>
<kw name="Input Text" library="SeleniumLibrary">
<arg>id:username</arg>
<arg>promis21b5</arg>
<doc>Types the given ``text`` into the text field identified by ``locator``.</doc>
<msg timestamp="20220329 12:24:36.578" level="INFO">Typing text 'promis21b5' into text field 'id:username'.</msg>
<status status="PASS" starttime="20220329 12:24:36.578" endtime="20220329 12:24:36.655"/>
</kw>
<kw name="Input Text" library="SeleniumLibrary">
<arg>id:password</arg>
<arg>gordo</arg>
<doc>Types the given ``text`` into the text field identified by ``locator``.</doc>
<msg timestamp="20220329 12:24:36.656" level="INFO">Typing text 'gordo' into text field 'id:password'.</msg>
<status status="PASS" starttime="20220329 12:24:36.656" endtime="20220329 12:24:36.720"/>
</kw>
<status status="PASS" starttime="20220329 12:24:32.766" endtime="20220329 12:24:36.720"/>
</test>
<status status="PASS" starttime="20220329 12:24:32.585" endtime="20220329 12:24:36.721"/>
</suite>
<statistics>
<total>
<stat pass="1" fail="0" skip="0">All Tests</stat>
</total>
<tag>
</tag>
<suite>
<stat pass="1" fail="0" skip="0" id="s1" name="UserKeywords">UserKeywords</stat>
</suite>
</statistics>
<errors>
</errors>
</robot>
