<?xml version="1.0" encoding="UTF-8"?>
<robot generator="Robot 5.0 (Python 3.9.7 on win32)" generated="20220401 22:32:08.777" rpa="false" schemaversion="3">
<suite id="s1" name="SetupAndTearDown" source="C:\Users\rully\PycharmProjects\TestProject\TestCases\SetupAndTearDown.robot">
<kw name="Log To Console" library="BuiltIn" type="SETUP">
<arg>Opeing Browser</arg>
<doc>Logs the given message to the console.</doc>
<status status="PASS" starttime="20220401 22:32:08.798" endtime="20220401 22:32:08.798"/>
</kw>
<test id="s1-t1" name="TC1 Prepaid Recharge" line="10">
<kw name="Log To Console" library="BuiltIn" type="SETUP">
<arg>Login to application</arg>
<doc>Logs the given message to the console.</doc>
<status status="PASS" starttime="20220401 22:32:08.798" endtime="20220401 22:32:08.798"/>
</kw>
<kw name="Log To Console" library="BuiltIn">
<arg>This is prepaid recharge testcase</arg>
<doc>Logs the given message to the console.</doc>
<status status="PASS" starttime="20220401 22:32:08.798" endtime="20220401 22:32:08.798"/>
</kw>
<kw name="Log To Console" library="BuiltIn" type="TEARDOWN">
<arg>Logout from application</arg>
<doc>Logs the given message to the console.</doc>
<status status="PASS" starttime="20220401 22:32:08.798" endtime="20220401 22:32:08.798"/>
</kw>
<status status="PASS" starttime="20220401 22:32:08.798" endtime="20220401 22:32:08.798"/>
</test>
<test id="s1-t2" name="TC2 Postpaid Recharge" line="12">
<kw name="Log To Console" library="BuiltIn" type="SETUP">
<arg>Login to application</arg>
<doc>Logs the given message to the console.</doc>
<status status="PASS" starttime="20220401 22:32:08.798" endtime="20220401 22:32:08.798"/>
</kw>
<kw name="Log To Console" library="BuiltIn">
<arg>This is postpaid recharge testcase</arg>
<doc>Logs the given message to the console.</doc>
<status status="PASS" starttime="20220401 22:32:08.798" endtime="20220401 22:32:08.798"/>
</kw>
<kw name="Log To Console" library="BuiltIn" type="TEARDOWN">
<arg>Logout from application</arg>
<doc>Logs the given message to the console.</doc>
<status status="PASS" starttime="20220401 22:32:08.798" endtime="20220401 22:32:08.798"/>
</kw>
<status status="PASS" starttime="20220401 22:32:08.798" endtime="20220401 22:32:08.798"/>
</test>
<test id="s1-t3" name="TC3 Search" line="14">
<kw name="Log To Console" library="BuiltIn" type="SETUP">
<arg>Login to application</arg>
<doc>Logs the given message to the console.</doc>
<status status="PASS" starttime="20220401 22:32:08.798" endtime="20220401 22:32:08.798"/>
</kw>
<kw name="Log To Console" library="BuiltIn">
<arg>This is search testcase</arg>
<doc>Logs the given message to the console.</doc>
<status status="PASS" starttime="20220401 22:32:08.798" endtime="20220401 22:32:08.798"/>
</kw>
<kw name="Log To Console" library="BuiltIn" type="TEARDOWN">
<arg>Logout from application</arg>
<doc>Logs the given message to the console.</doc>
<status status="PASS" starttime="20220401 22:32:08.798" endtime="20220401 22:32:08.807"/>
</kw>
<status status="PASS" starttime="20220401 22:32:08.798" endtime="20220401 22:32:08.807"/>
</test>
<test id="s1-t4" name="TC4 Advanced Search" line="16">
<kw name="Log To Console" library="BuiltIn" type="SETUP">
<arg>Login to application</arg>
<doc>Logs the given message to the console.</doc>
<status status="PASS" starttime="20220401 22:32:08.807" endtime="20220401 22:32:08.807"/>
</kw>
<kw name="Log To Console" library="BuiltIn">
<arg>This is advanced search testcase</arg>
<doc>Logs the given message to the console.</doc>
<status status="PASS" starttime="20220401 22:32:08.807" endtime="20220401 22:32:08.807"/>
</kw>
<kw name="Log To Console" library="BuiltIn" type="TEARDOWN">
<arg>Logout from application</arg>
<doc>Logs the given message to the console.</doc>
<status status="PASS" starttime="20220401 22:32:08.807" endtime="20220401 22:32:08.807"/>
</kw>
<status status="PASS" starttime="20220401 22:32:08.807" endtime="20220401 22:32:08.807"/>
</test>
<kw name="Log To Console" library="BuiltIn" type="TEARDOWN">
<arg>Closing Browser</arg>
<doc>Logs the given message to the console.</doc>
<status status="PASS" starttime="20220401 22:32:08.807" endtime="20220401 22:32:08.807"/>
</kw>
<status status="PASS" starttime="20220401 22:32:08.777" endtime="20220401 22:32:08.807"/>
</suite>
<statistics>
<total>
<stat pass="4" fail="0" skip="0">All Tests</stat>
</total>
<tag>
</tag>
<suite>
<stat pass="4" fail="0" skip="0" id="s1" name="SetupAndTearDown">SetupAndTearDown</stat>
</suite>
</statistics>
<errors>
</errors>
</robot>
