<?xml version="1.0" encoding="UTF-8"?>
<robot generator="Robot 5.0 (Python 3.9.7 on win32)" generated="20220401 10:36:41.230" rpa="false" schemaversion="3">
<suite id="s1" name="DDT1" source="C:\Users\rully\PycharmProjects\TestProject\TestCases\DDT1.robot">
<kw name="Open my Browser" library="login_resources" type="SETUP">
<kw name="Open Browser" library="SeleniumLibrary">
<arg>${LOGIN URL}</arg>
<arg>${BROWSER}</arg>
<doc>Opens a new browser instance to the optional ``url``.</doc>
<msg timestamp="20220401 10:36:41.421" level="INFO">Opening browser 'chrome' to base url 'https://admin-demo.nopcommerce.com/'.</msg>
<status status="PASS" starttime="20220401 10:36:41.420" endtime="20220401 10:36:43.649"/>
</kw>
<kw name="Maximize Browser Window" library="SeleniumLibrary">
<doc>Maximizes current browser window.</doc>
<status status="PASS" starttime="20220401 10:36:43.649" endtime="20220401 10:36:43.769"/>
</kw>
<status status="PASS" starttime="20220401 10:36:41.420" endtime="20220401 10:36:43.769"/>
</kw>
<test id="s1-t1" name="Right user empty pass" line="9">
<kw name="Invalid login">
<arg>admin@yourstore.com</arg>
<arg>${EMPTY}</arg>
<kw name="Input username" library="login_resources">
<arg>${username}</arg>
<kw name="Input Text" library="SeleniumLibrary">
<arg>id:Email</arg>
<arg>${username}</arg>
<doc>Types the given ``text`` into the text field identified by ``locator``.</doc>
<msg timestamp="20220401 10:36:43.772" level="INFO">Typing text 'admin@yourstore.com' into text field 'id:Email'.</msg>
<status status="PASS" starttime="20220401 10:36:43.771" endtime="20220401 10:36:43.848"/>
</kw>
<status status="PASS" starttime="20220401 10:36:43.771" endtime="20220401 10:36:43.848"/>
</kw>
<kw name="Input pwd" library="login_resources">
<arg>${password}</arg>
<kw name="Input Text" library="SeleniumLibrary">
<arg>id:Password</arg>
<arg>${password}</arg>
<doc>Types the given ``text`` into the text field identified by ``locator``.</doc>
<msg timestamp="20220401 10:36:43.849" level="INFO">Typing text '' into text field 'id:Password'.</msg>
<status status="PASS" starttime="20220401 10:36:43.849" endtime="20220401 10:36:43.913"/>
</kw>
<status status="PASS" starttime="20220401 10:36:43.848" endtime="20220401 10:36:43.913"/>
</kw>
<kw name="Click Login button" library="login_resources">
<kw name="Click Element" library="SeleniumLibrary">
<arg>xpath://button[contains(text(),'Log in')]</arg>
<doc>Click the element identified by ``locator``.</doc>
<msg timestamp="20220401 10:36:43.913" level="INFO">Clicking element 'xpath://button[contains(text(),'Log in')]'.</msg>
<status status="PASS" starttime="20220401 10:36:43.913" endtime="20220401 10:36:44.178"/>
</kw>
<status status="PASS" starttime="20220401 10:36:43.913" endtime="20220401 10:36:44.178"/>
</kw>
<kw name="Error message should be visible" library="login_resources">
<kw name="Page Should Contain" library="SeleniumLibrary">
<arg>Login was unsuccessful</arg>
<doc>Verifies that current page contains ``text``.</doc>
<msg timestamp="20220401 10:36:44.190" level="INFO">Current page contains text 'Login was unsuccessful'.</msg>
<status status="PASS" starttime="20220401 10:36:44.178" endtime="20220401 10:36:44.190"/>
</kw>
<status status="PASS" starttime="20220401 10:36:44.178" endtime="20220401 10:36:44.190"/>
</kw>
<status status="PASS" starttime="20220401 10:36:43.770" endtime="20220401 10:36:44.190"/>
</kw>
<status status="PASS" starttime="20220401 10:36:43.770" endtime="20220401 10:36:44.192"/>
</test>
<test id="s1-t2" name="Right user wrong pass" line="10">
<kw name="Invalid login">
<arg>admin@yourstore.com</arg>
<arg>xyz</arg>
<kw name="Input username" library="login_resources">
<arg>${username}</arg>
<kw name="Input Text" library="SeleniumLibrary">
<arg>id:Email</arg>
<arg>${username}</arg>
<doc>Types the given ``text`` into the text field identified by ``locator``.</doc>
<msg timestamp="20220401 10:36:44.194" level="INFO">Typing text 'admin@yourstore.com' into text field 'id:Email'.</msg>
<status status="PASS" starttime="20220401 10:36:44.194" endtime="20220401 10:36:44.262"/>
</kw>
<status status="PASS" starttime="20220401 10:36:44.194" endtime="20220401 10:36:44.262"/>
</kw>
<kw name="Input pwd" library="login_resources">
<arg>${password}</arg>
<kw name="Input Text" library="SeleniumLibrary">
<arg>id:Password</arg>
<arg>${password}</arg>
<doc>Types the given ``text`` into the text field identified by ``locator``.</doc>
<msg timestamp="20220401 10:36:44.263" level="INFO">Typing text 'xyz' into text field 'id:Password'.</msg>
<status status="PASS" starttime="20220401 10:36:44.263" endtime="20220401 10:36:44.325"/>
</kw>
<status status="PASS" starttime="20220401 10:36:44.262" endtime="20220401 10:36:44.325"/>
</kw>
<kw name="Click Login button" library="login_resources">
<kw name="Click Element" library="SeleniumLibrary">
<arg>xpath://button[contains(text(),'Log in')]</arg>
<doc>Click the element identified by ``locator``.</doc>
<msg timestamp="20220401 10:36:44.326" level="INFO">Clicking element 'xpath://button[contains(text(),'Log in')]'.</msg>
<status status="PASS" starttime="20220401 10:36:44.325" endtime="20220401 10:36:44.841"/>
</kw>
<status status="PASS" starttime="20220401 10:36:44.325" endtime="20220401 10:36:44.841"/>
</kw>
<kw name="Error message should be visible" library="login_resources">
<kw name="Page Should Contain" library="SeleniumLibrary">
<arg>Login was unsuccessful</arg>
<doc>Verifies that current page contains ``text``.</doc>
<msg timestamp="20220401 10:36:44.849" level="INFO">Current page contains text 'Login was unsuccessful'.</msg>
<status status="PASS" starttime="20220401 10:36:44.842" endtime="20220401 10:36:44.849"/>
</kw>
<status status="PASS" starttime="20220401 10:36:44.841" endtime="20220401 10:36:44.849"/>
</kw>
<status status="PASS" starttime="20220401 10:36:44.194" endtime="20220401 10:36:44.849"/>
</kw>
<status status="PASS" starttime="20220401 10:36:44.193" endtime="20220401 10:36:44.850"/>
</test>
<test id="s1-t3" name="Wrong user right pass" line="11">
<kw name="Invalid login">
<arg>adm@yourstore.com</arg>
<arg>admin</arg>
<kw name="Input username" library="login_resources">
<arg>${username}</arg>
<kw name="Input Text" library="SeleniumLibrary">
<arg>id:Email</arg>
<arg>${username}</arg>
<doc>Types the given ``text`` into the text field identified by ``locator``.</doc>
<msg timestamp="20220401 10:36:44.852" level="INFO">Typing text 'adm@yourstore.com' into text field 'id:Email'.</msg>
<status status="PASS" starttime="20220401 10:36:44.852" endtime="20220401 10:36:44.917"/>
</kw>
<status status="PASS" starttime="20220401 10:36:44.851" endtime="20220401 10:36:44.917"/>
</kw>
<kw name="Input pwd" library="login_resources">
<arg>${password}</arg>
<kw name="Input Text" library="SeleniumLibrary">
<arg>id:Password</arg>
<arg>${password}</arg>
<doc>Types the given ``text`` into the text field identified by ``locator``.</doc>
<msg timestamp="20220401 10:36:44.918" level="INFO">Typing text 'admin' into text field 'id:Password'.</msg>
<status status="PASS" starttime="20220401 10:36:44.917" endtime="20220401 10:36:44.974"/>
</kw>
<status status="PASS" starttime="20220401 10:36:44.917" endtime="20220401 10:36:44.974"/>
</kw>
<kw name="Click Login button" library="login_resources">
<kw name="Click Element" library="SeleniumLibrary">
<arg>xpath://button[contains(text(),'Log in')]</arg>
<doc>Click the element identified by ``locator``.</doc>
<msg timestamp="20220401 10:36:44.975" level="INFO">Clicking element 'xpath://button[contains(text(),'Log in')]'.</msg>
<status status="PASS" starttime="20220401 10:36:44.974" endtime="20220401 10:36:45.203"/>
</kw>
<status status="PASS" starttime="20220401 10:36:44.974" endtime="20220401 10:36:45.203"/>
</kw>
<kw name="Error message should be visible" library="login_resources">
<kw name="Page Should Contain" library="SeleniumLibrary">
<arg>Login was unsuccessful</arg>
<doc>Verifies that current page contains ``text``.</doc>
<msg timestamp="20220401 10:36:45.210" level="INFO">Current page contains text 'Login was unsuccessful'.</msg>
<status status="PASS" starttime="20220401 10:36:45.204" endtime="20220401 10:36:45.211"/>
</kw>
<status status="PASS" starttime="20220401 10:36:45.203" endtime="20220401 10:36:45.211"/>
</kw>
<status status="PASS" starttime="20220401 10:36:44.851" endtime="20220401 10:36:45.211"/>
</kw>
<status status="PASS" starttime="20220401 10:36:44.851" endtime="20220401 10:36:45.211"/>
</test>
<test id="s1-t4" name="Wrong user empty pass" line="12">
<kw name="Invalid login">
<arg>adm@yourstore.com</arg>
<arg>${EMPTY}</arg>
<kw name="Input username" library="login_resources">
<arg>${username}</arg>
<kw name="Input Text" library="SeleniumLibrary">
<arg>id:Email</arg>
<arg>${username}</arg>
<doc>Types the given ``text`` into the text field identified by ``locator``.</doc>
<msg timestamp="20220401 10:36:45.214" level="INFO">Typing text 'adm@yourstore.com' into text field 'id:Email'.</msg>
<status status="PASS" starttime="20220401 10:36:45.213" endtime="20220401 10:36:45.274"/>
</kw>
<status status="PASS" starttime="20220401 10:36:45.213" endtime="20220401 10:36:45.274"/>
</kw>
<kw name="Input pwd" library="login_resources">
<arg>${password}</arg>
<kw name="Input Text" library="SeleniumLibrary">
<arg>id:Password</arg>
<arg>${password}</arg>
<doc>Types the given ``text`` into the text field identified by ``locator``.</doc>
<msg timestamp="20220401 10:36:45.275" level="INFO">Typing text '' into text field 'id:Password'.</msg>
<status status="PASS" starttime="20220401 10:36:45.274" endtime="20220401 10:36:45.333"/>
</kw>
<status status="PASS" starttime="20220401 10:36:45.274" endtime="20220401 10:36:45.333"/>
</kw>
<kw name="Click Login button" library="login_resources">
<kw name="Click Element" library="SeleniumLibrary">
<arg>xpath://button[contains(text(),'Log in')]</arg>
<doc>Click the element identified by ``locator``.</doc>
<msg timestamp="20220401 10:36:45.333" level="INFO">Clicking element 'xpath://button[contains(text(),'Log in')]'.</msg>
<status status="PASS" starttime="20220401 10:36:45.333" endtime="20220401 10:36:45.616"/>
</kw>
<status status="PASS" starttime="20220401 10:36:45.333" endtime="20220401 10:36:45.617"/>
</kw>
<kw name="Error message should be visible" library="login_resources">
<kw name="Page Should Contain" library="SeleniumLibrary">
<arg>Login was unsuccessful</arg>
<doc>Verifies that current page contains ``text``.</doc>
<msg timestamp="20220401 10:36:45.627" level="INFO">Current page contains text 'Login was unsuccessful'.</msg>
<status status="PASS" starttime="20220401 10:36:45.617" endtime="20220401 10:36:45.627"/>
</kw>
<status status="PASS" starttime="20220401 10:36:45.617" endtime="20220401 10:36:45.627"/>
</kw>
<status status="PASS" starttime="20220401 10:36:45.213" endtime="20220401 10:36:45.627"/>
</kw>
<status status="PASS" starttime="20220401 10:36:45.212" endtime="20220401 10:36:45.628"/>
</test>
<test id="s1-t5" name="Wrong user wrong pass" line="13">
<kw name="Invalid login">
<arg>adm@yourstore.com</arg>
<arg>xyz</arg>
<kw name="Input username" library="login_resources">
<arg>${username}</arg>
<kw name="Input Text" library="SeleniumLibrary">
<arg>id:Email</arg>
<arg>${username}</arg>
<doc>Types the given ``text`` into the text field identified by ``locator``.</doc>
<msg timestamp="20220401 10:36:45.631" level="INFO">Typing text 'adm@yourstore.com' into text field 'id:Email'.</msg>
<status status="PASS" starttime="20220401 10:36:45.630" endtime="20220401 10:36:45.697"/>
</kw>
<status status="PASS" starttime="20220401 10:36:45.630" endtime="20220401 10:36:45.697"/>
</kw>
<kw name="Input pwd" library="login_resources">
<arg>${password}</arg>
<kw name="Input Text" library="SeleniumLibrary">
<arg>id:Password</arg>
<arg>${password}</arg>
<doc>Types the given ``text`` into the text field identified by ``locator``.</doc>
<msg timestamp="20220401 10:36:45.698" level="INFO">Typing text 'xyz' into text field 'id:Password'.</msg>
<status status="PASS" starttime="20220401 10:36:45.698" endtime="20220401 10:36:45.759"/>
</kw>
<status status="PASS" starttime="20220401 10:36:45.698" endtime="20220401 10:36:45.759"/>
</kw>
<kw name="Click Login button" library="login_resources">
<kw name="Click Element" library="SeleniumLibrary">
<arg>xpath://button[contains(text(),'Log in')]</arg>
<doc>Click the element identified by ``locator``.</doc>
<msg timestamp="20220401 10:36:45.760" level="INFO">Clicking element 'xpath://button[contains(text(),'Log in')]'.</msg>
<status status="PASS" starttime="20220401 10:36:45.760" endtime="20220401 10:36:46.015"/>
</kw>
<status status="PASS" starttime="20220401 10:36:45.759" endtime="20220401 10:36:46.015"/>
</kw>
<kw name="Error message should be visible" library="login_resources">
<kw name="Page Should Contain" library="SeleniumLibrary">
<arg>Login was unsuccessful</arg>
<doc>Verifies that current page contains ``text``.</doc>
<msg timestamp="20220401 10:36:46.025" level="INFO">Current page contains text 'Login was unsuccessful'.</msg>
<status status="PASS" starttime="20220401 10:36:46.015" endtime="20220401 10:36:46.025"/>
</kw>
<status status="PASS" starttime="20220401 10:36:46.015" endtime="20220401 10:36:46.025"/>
</kw>
<status status="PASS" starttime="20220401 10:36:45.630" endtime="20220401 10:36:46.025"/>
</kw>
<status status="PASS" starttime="20220401 10:36:45.629" endtime="20220401 10:36:46.026"/>
</test>
<kw name="Close Browsers" library="login_resources" type="TEARDOWN">
<kw name="Close All Browsers" library="SeleniumLibrary">
<doc>Closes all open browsers and resets the browser cache.</doc>
<status status="PASS" starttime="20220401 10:36:46.027" endtime="20220401 10:36:48.105"/>
</kw>
<status status="PASS" starttime="20220401 10:36:46.027" endtime="20220401 10:36:48.105"/>
</kw>
<status status="PASS" starttime="20220401 10:36:41.232" endtime="20220401 10:36:48.105"/>
</suite>
<statistics>
<total>
<stat pass="5" fail="0" skip="0">All Tests</stat>
</total>
<tag>
</tag>
<suite>
<stat pass="5" fail="0" skip="0" id="s1" name="DDT1">DDT1</stat>
</suite>
</statistics>
<errors>
</errors>
</robot>
