<?xml version="1.0" encoding="UTF-8"?>
<robot generator="Robot 5.0 (Python 3.9.7 on win32)" generated="20220331 23:27:30.891" rpa="false" schemaversion="3">
<suite id="s1" name="TableDemo" source="C:\Users\rully\PycharmProjects\TestProject\TestCases\TableDemo.robot">
<test id="s1-t1" name="TableValidations" line="5">
<kw name="Open Browser" library="SeleniumLibrary">
<arg>https://testautomationpractice.blogspot.com/</arg>
<arg>chrome</arg>
<doc>Opens a new browser instance to the optional ``url``.</doc>
<msg timestamp="20220331 23:27:31.077" level="INFO">Opening browser 'chrome' to base url 'https://testautomationpractice.blogspot.com/'.</msg>
<status status="PASS" starttime="20220331 23:27:31.077" endtime="20220331 23:27:35.484"/>
</kw>
<kw name="Maximize Browser Window" library="SeleniumLibrary">
<doc>Maximizes current browser window.</doc>
<status status="PASS" starttime="20220331 23:27:35.485" endtime="20220331 23:27:35.606"/>
</kw>
<kw name="Get Element Count" library="SeleniumLibrary">
<var>${rows}</var>
<arg>xpath://*[@id="HTML1"]/div[1]/table/tbody/tr</arg>
<doc>Returns the number of elements matching ``locator``.</doc>
<msg timestamp="20220331 23:27:35.617" level="INFO">${rows} = 7</msg>
<status status="PASS" starttime="20220331 23:27:35.607" endtime="20220331 23:27:35.617"/>
</kw>
<kw name="Get Element Count" library="SeleniumLibrary">
<var>${cols}</var>
<arg>xpath://*[@id="HTML1"]/div[1]/table/tbody/tr[1]/td</arg>
<doc>Returns the number of elements matching ``locator``.</doc>
<msg timestamp="20220331 23:27:35.625" level="INFO">${cols} = 0</msg>
<status status="PASS" starttime="20220331 23:27:35.617" endtime="20220331 23:27:35.625"/>
</kw>
<kw name="Log To Console" library="BuiltIn">
<arg>rows: ${rows}</arg>
<doc>Logs the given message to the console.</doc>
<status status="PASS" starttime="20220331 23:27:35.626" endtime="20220331 23:27:35.626"/>
</kw>
<kw name="Log To Console" library="BuiltIn">
<arg>cols: ${cols}</arg>
<doc>Logs the given message to the console.</doc>
<status status="PASS" starttime="20220331 23:27:35.627" endtime="20220331 23:27:35.627"/>
</kw>
<kw name="Get Text" library="SeleniumLibrary">
<var>${data}</var>
<arg>xpath://*[@id="HTML1"]/div[1]/table/tbody/tr[5]/td[1]</arg>
<doc>Returns the text value of the element identified by ``locator``.</doc>
<msg timestamp="20220331 23:27:35.648" level="INFO">${data} = Master In Selenium</msg>
<status status="PASS" starttime="20220331 23:27:35.628" endtime="20220331 23:27:35.649"/>
</kw>
<kw name="Log To Console" library="BuiltIn">
<arg>data: ${data}</arg>
<doc>Logs the given message to the console.</doc>
<status status="PASS" starttime="20220331 23:27:35.649" endtime="20220331 23:27:35.649"/>
</kw>
<kw name="Table Column Should Contain" library="SeleniumLibrary">
<arg>xpath://*[@id="HTML1"]/div[1]/table</arg>
<arg>2</arg>
<arg>Author</arg>
<doc>Verifies table column contains text ``expected``.</doc>
<status status="PASS" starttime="20220331 23:27:35.649" endtime="20220331 23:27:35.683"/>
</kw>
<kw name="Table Row Should Contain" library="SeleniumLibrary">
<arg>xpath://*[@id="HTML1"]/div[1]/table</arg>
<arg>4</arg>
<arg>Learn JS</arg>
<doc>Verifies that table row contains text ``expected``.</doc>
<status status="PASS" starttime="20220331 23:27:35.683" endtime="20220331 23:27:35.717"/>
</kw>
<kw name="Table Cell Should Contain" library="SeleniumLibrary">
<arg>xpath://*[@id="HTML1"]/div[1]/table</arg>
<arg>5</arg>
<arg>2</arg>
<arg>Mukesh</arg>
<doc>Verifies table cell contains text ``expected``.</doc>
<msg timestamp="20220331 23:27:35.756" level="INFO">Table cell contains 'Mukesh'.</msg>
<status status="PASS" starttime="20220331 23:27:35.717" endtime="20220331 23:27:35.756"/>
</kw>
<kw name="Table Header Should Contain" library="SeleniumLibrary">
<arg>xpath://*[@id="HTML1"]/div[1]/table</arg>
<arg>BookName</arg>
<doc>Verifies table header contains text ``expected``.</doc>
<status status="PASS" starttime="20220331 23:27:35.757" endtime="20220331 23:27:35.783"/>
</kw>
<kw name="Close Browser" library="SeleniumLibrary">
<doc>Closes the current browser.</doc>
<status status="PASS" starttime="20220331 23:27:35.783" endtime="20220331 23:27:37.862"/>
</kw>
<status status="PASS" starttime="20220331 23:27:31.076" endtime="20220331 23:27:37.862"/>
</test>
<status status="PASS" starttime="20220331 23:27:30.893" endtime="20220331 23:27:37.863"/>
</suite>
<statistics>
<total>
<stat pass="1" fail="0" skip="0">All Tests</stat>
</total>
<tag>
</tag>
<suite>
<stat pass="1" fail="0" skip="0" id="s1" name="TableDemo">TableDemo</stat>
</suite>
</statistics>
<errors>
</errors>
</robot>
