<?xml version="1.0" encoding="UTF-8"?>
<robot generator="Robot 5.0 (Python 3.9.7 on win32)" generated="20220331 21:54:30.370" rpa="false" schemaversion="3">
<suite id="s1" name="GetAllLinks" source="C:\Users\rully\PycharmProjects\TestProject\TestCases\GetAllLinks.robot">
<test id="s1-t1" name="GetAllLinksTest" line="5">
<kw name="Open Browser" library="SeleniumLibrary">
<arg>https://www.globalsqa.com/demo-site/</arg>
<arg>chrome</arg>
<doc>Opens a new browser instance to the optional ``url``.</doc>
<msg timestamp="20220331 21:54:30.569" level="INFO">Opening browser 'chrome' to base url 'https://www.globalsqa.com/demo-site/'.</msg>
<status status="PASS" starttime="20220331 21:54:30.569" endtime="20220331 21:54:35.630"/>
</kw>
<kw name="Maximize Browser Window" library="SeleniumLibrary">
<doc>Maximizes current browser window.</doc>
<status status="PASS" starttime="20220331 21:54:35.630" endtime="20220331 21:54:35.753"/>
</kw>
<kw name="Get Element Count" library="SeleniumLibrary">
<var>${AllLinksCount}</var>
<arg>xpath://a</arg>
<doc>Returns the number of elements matching ``locator``.</doc>
<msg timestamp="20220331 21:54:35.795" level="INFO">${AllLinksCount} = 110</msg>
<status status="PASS" starttime="20220331 21:54:35.754" endtime="20220331 21:54:35.795"/>
</kw>
<kw name="Log To Console" library="BuiltIn">
<arg>${AllLinksCount}</arg>
<doc>Logs the given message to the console.</doc>
<status status="PASS" starttime="20220331 21:54:35.797" endtime="20220331 21:54:35.798"/>
</kw>
<kw name="Create List" library="BuiltIn">
<var>@{LinkItems}</var>
<doc>Returns a list containing given items.</doc>
<msg timestamp="20220331 21:54:35.799" level="INFO">@{LinkItems} = [ ]</msg>
<status status="PASS" starttime="20220331 21:54:35.798" endtime="20220331 21:54:35.799"/>
</kw>
<for flavor="IN RANGE">
<var>${i}</var>
<value>1</value>
<value>${AllLinksCount}+1</value>
<iter>
<var name="${i}">1</var>
<kw name="Get Text" library="SeleniumLibrary">
<var>${LinkText}</var>
<arg>xpath://a[${i}]</arg>
<doc>Returns the text value of the element identified by ``locator``.</doc>
<msg timestamp="20220331 21:54:35.832" level="INFO">${LinkText} = pinterest</msg>
<status status="PASS" starttime="20220331 21:54:35.800" endtime="20220331 21:54:35.832"/>
</kw>
<kw name="Log To Console" library="BuiltIn">
<arg>${LinkText}</arg>
<doc>Logs the given message to the console.</doc>
<status status="PASS" starttime="20220331 21:54:35.832" endtime="20220331 21:54:35.833"/>
</kw>
<status status="PASS" starttime="20220331 21:54:35.800" endtime="20220331 21:54:35.833"/>
</iter>
<iter>
<var name="${i}">2</var>
<kw name="Get Text" library="SeleniumLibrary">
<var>${LinkText}</var>
<arg>xpath://a[${i}]</arg>
<doc>Returns the text value of the element identified by ``locator``.</doc>
<msg timestamp="20220331 21:54:35.861" level="INFO">${LinkText} = twitter</msg>
<status status="PASS" starttime="20220331 21:54:35.834" endtime="20220331 21:54:35.861"/>
</kw>
<kw name="Log To Console" library="BuiltIn">
<arg>${LinkText}</arg>
<doc>Logs the given message to the console.</doc>
<status status="PASS" starttime="20220331 21:54:35.861" endtime="20220331 21:54:35.861"/>
</kw>
<status status="PASS" starttime="20220331 21:54:35.834" endtime="20220331 21:54:35.861"/>
</iter>
<iter>
<var name="${i}">3</var>
<kw name="Get Text" library="SeleniumLibrary">
<var>${LinkText}</var>
<arg>xpath://a[${i}]</arg>
<doc>Returns the text value of the element identified by ``locator``.</doc>
<msg timestamp="20220331 21:54:35.892" level="INFO">${LinkText} = linkedin</msg>
<status status="PASS" starttime="20220331 21:54:35.861" endtime="20220331 21:54:35.892"/>
</kw>
<kw name="Log To Console" library="BuiltIn">
<arg>${LinkText}</arg>
<doc>Logs the given message to the console.</doc>
<status status="PASS" starttime="20220331 21:54:35.892" endtime="20220331 21:54:35.893"/>
</kw>
<status status="PASS" starttime="20220331 21:54:35.861" endtime="20220331 21:54:35.893"/>
</iter>
<iter>
<var name="${i}">4</var>
<kw name="Get Text" library="SeleniumLibrary">
<var>${LinkText}</var>
<arg>xpath://a[${i}]</arg>
<doc>Returns the text value of the element identified by ``locator``.</doc>
<msg timestamp="20220331 21:54:35.949" level="INFO">${LinkText} = google</msg>
<status status="PASS" starttime="20220331 21:54:35.893" endtime="20220331 21:54:35.949"/>
</kw>
<kw name="Log To Console" library="BuiltIn">
<arg>${LinkText}</arg>
<doc>Logs the given message to the console.</doc>
<status status="PASS" starttime="20220331 21:54:35.949" endtime="20220331 21:54:35.950"/>
</kw>
<status status="PASS" starttime="20220331 21:54:35.893" endtime="20220331 21:54:35.950"/>
</iter>
<iter>
<var name="${i}">5</var>
<kw name="Get Text" library="SeleniumLibrary">
<var>${LinkText}</var>
<arg>xpath://a[${i}]</arg>
<doc>Returns the text value of the element identified by ``locator``.</doc>
<msg timestamp="20220331 21:54:35.992" level="INFO">${LinkText} = facebook</msg>
<status status="PASS" starttime="20220331 21:54:35.950" endtime="20220331 21:54:35.992"/>
</kw>
<kw name="Log To Console" library="BuiltIn">
<arg>${LinkText}</arg>
<doc>Logs the given message to the console.</doc>
<status status="PASS" starttime="20220331 21:54:35.993" endtime="20220331 21:54:35.993"/>
</kw>
<status status="PASS" starttime="20220331 21:54:35.950" endtime="20220331 21:54:35.993"/>
</iter>
<iter>
<var name="${i}">6</var>
<kw name="Get Text" library="SeleniumLibrary">
<var>${LinkText}</var>
<arg>xpath://a[${i}]</arg>
<doc>Returns the text value of the element identified by ``locator``.</doc>
<msg timestamp="20220331 21:54:36.240" level="INFO" html="true">&lt;/td&gt;&lt;/tr&gt;&lt;tr&gt;&lt;td colspan="3"&gt;&lt;a href="selenium-screenshot-3.png"&gt;&lt;img src="selenium-screenshot-3.png" width="800px"&gt;&lt;/a&gt;</msg>
<msg timestamp="20220331 21:54:36.241" level="FAIL">Element with locator 'xpath://a[6]' not found.</msg>
<status status="FAIL" starttime="20220331 21:54:35.994" endtime="20220331 21:54:36.242"/>
</kw>
<kw name="Log To Console" library="BuiltIn">
<arg>${LinkText}</arg>
<doc>Logs the given message to the console.</doc>
<status status="NOT RUN" starttime="20220331 21:54:36.242" endtime="20220331 21:54:36.242"/>
</kw>
<status status="FAIL" starttime="20220331 21:54:35.993" endtime="20220331 21:54:36.242"/>
</iter>
<status status="FAIL" starttime="20220331 21:54:35.800" endtime="20220331 21:54:36.243"/>
</for>
<status status="FAIL" starttime="20220331 21:54:30.568" endtime="20220331 21:54:36.243">Element with locator 'xpath://a[6]' not found.</status>
</test>
<status status="FAIL" starttime="20220331 21:54:30.372" endtime="20220331 21:54:36.245"/>
</suite>
<statistics>
<total>
<stat pass="0" fail="1" skip="0">All Tests</stat>
</total>
<tag>
</tag>
<suite>
<stat pass="0" fail="1" skip="0" id="s1" name="GetAllLinks">GetAllLinks</stat>
</suite>
</statistics>
<errors>
</errors>
</robot>
