<?xml version="1.0" encoding="UTF-8"?>
<robot generator="Robot 5.0 (Python 3.9.7 on win32)" generated="20220329 12:42:28.589" rpa="false" schemaversion="3">
<suite id="s1" name="ScrollingPage" source="C:\Users\rully\PycharmProjects\TestProject\TestCases\ScrollingPage.robot">
<test id="s1-t1" name="ScrollingTest" line="5">
<kw name="Open Browser" library="SeleniumLibrary">
<arg>https://www.countries-ofthe-world.com/flags-of-the-world.html</arg>
<arg>chrome</arg>
<doc>Opens a new browser instance to the optional ``url``.</doc>
<msg timestamp="20220329 12:42:28.772" level="INFO">Opening browser 'chrome' to base url 'https://www.countries-ofthe-world.com/flags-of-the-world.html'.</msg>
<status status="PASS" starttime="20220329 12:42:28.772" endtime="20220329 12:42:30.655"/>
</kw>
<kw name="Maximize Browser Window" library="SeleniumLibrary">
<doc>Maximizes current browser window.</doc>
<status status="PASS" starttime="20220329 12:42:30.655" endtime="20220329 12:42:30.780"/>
</kw>
<kw name="Execute Javascript" library="SeleniumLibrary">
<arg>window.scrollTo(0,document.body.scrollHeight)</arg>
<doc>Executes the given JavaScript code with possible arguments.</doc>
<msg timestamp="20220329 12:42:30.780" level="INFO">Executing JavaScript:
window.scrollTo(0,document.body.scrollHeight)
Without any arguments.</msg>
<status status="PASS" starttime="20220329 12:42:30.780" endtime="20220329 12:42:30.784"/>
</kw>
<kw name="Sleep" library="BuiltIn">
<arg>5</arg>
<doc>Pauses the test executed for the given time.</doc>
<msg timestamp="20220329 12:42:35.787" level="INFO">Slept 5 seconds</msg>
<status status="PASS" starttime="20220329 12:42:30.784" endtime="20220329 12:42:35.787"/>
</kw>
<kw name="Execute Javascript" library="SeleniumLibrary">
<arg>window.scrollTo(0,-document.body.scrollHeight)</arg>
<doc>Executes the given JavaScript code with possible arguments.</doc>
<msg timestamp="20220329 12:42:35.788" level="INFO">Executing JavaScript:
window.scrollTo(0,-document.body.scrollHeight)
Without any arguments.</msg>
<status status="PASS" starttime="20220329 12:42:35.787" endtime="20220329 12:42:35.803"/>
</kw>
<status status="PASS" starttime="20220329 12:42:28.771" endtime="20220329 12:42:35.804"/>
</test>
<status status="PASS" starttime="20220329 12:42:28.591" endtime="20220329 12:42:35.805"/>
</suite>
<statistics>
<total>
<stat pass="1" fail="0" skip="0">All Tests</stat>
</total>
<tag>
</tag>
<suite>
<stat pass="1" fail="0" skip="0" id="s1" name="ScrollingPage">ScrollingPage</stat>
</suite>
</statistics>
<errors>
</errors>
</robot>
