<?xml version="1.0" encoding="UTF-8"?>
<robot generator="Robot 5.0 (Python 3.9.7 on win32)" generated="20220402 11:19:09.116" rpa="false" schemaversion="3">
<suite id="s1" name="LoginTest" source="C:\Users\rully\PycharmProjects\TestProject\TestCases\LoginTest.robot">
<test id="s1-t1" name="LogintTest" line="12">
<kw name="Open my Browser" library="LoginKeywords">
<arg>${SiteUrl}</arg>
<arg>${Browser}</arg>
<kw name="Open Browser" library="SeleniumLibrary">
<arg>${SiteUrl}</arg>
<arg>${Browser}</arg>
<doc>Opens a new browser instance to the optional ``url``.</doc>
<msg timestamp="20220402 11:19:09.312" level="INFO">Opening browser 'chrome' to base url 'https://admin-demo.nopcommerce.com/'.</msg>
<status status="PASS" starttime="20220402 11:19:09.312" endtime="20220402 11:19:12.204"/>
</kw>
<kw name="Maximize Browser Window" library="SeleniumLibrary">
<doc>Maximizes current browser window.</doc>
<status status="PASS" starttime="20220402 11:19:12.204" endtime="20220402 11:19:12.325"/>
</kw>
<status status="PASS" starttime="20220402 11:19:09.312" endtime="20220402 11:19:12.325"/>
</kw>
<kw name="Enter Username" library="LoginKeywords">
<arg>${user}</arg>
<kw name="Input Text" library="SeleniumLibrary">
<arg>${txt_loginUserName}</arg>
<arg>${username}</arg>
<doc>Types the given ``text`` into the text field identified by ``locator``.</doc>
<msg timestamp="20220402 11:19:12.326" level="INFO">Typing text 'admin@yourstore.com' into text field 'id:Email'.</msg>
<status status="PASS" starttime="20220402 11:19:12.326" endtime="20220402 11:19:12.395"/>
</kw>
<status status="PASS" starttime="20220402 11:19:12.325" endtime="20220402 11:19:12.395"/>
</kw>
<kw name="Enter Password" library="LoginKeywords">
<arg>${pwd}</arg>
<kw name="Input Text" library="SeleniumLibrary">
<arg>${txt_loginPassword}</arg>
<arg>${password}</arg>
<doc>Types the given ``text`` into the text field identified by ``locator``.</doc>
<msg timestamp="20220402 11:19:12.396" level="INFO">Typing text 'admin' into text field 'name:Password'.</msg>
<status status="PASS" starttime="20220402 11:19:12.396" endtime="20220402 11:19:12.460"/>
</kw>
<status status="PASS" starttime="20220402 11:19:12.396" endtime="20220402 11:19:12.460"/>
</kw>
<kw name="Click SignIn" library="LoginKeywords">
<kw name="Click Button" library="SeleniumLibrary">
<arg>${btn_signIn}</arg>
<doc>Clicks the button identified by ``locator``.</doc>
<msg timestamp="20220402 11:19:12.461" level="INFO">Clicking button 'xpath:/html/body/div[6]/div/div/div/div/div[2]/div[1]/div/form/div[3]/button'.</msg>
<status status="PASS" starttime="20220402 11:19:12.461" endtime="20220402 11:19:16.502"/>
</kw>
<status status="PASS" starttime="20220402 11:19:12.460" endtime="20220402 11:19:16.502"/>
</kw>
<kw name="Sleep" library="BuiltIn">
<arg>2</arg>
<doc>Pauses the test executed for the given time.</doc>
<msg timestamp="20220402 11:19:18.507" level="INFO">Slept 2 seconds</msg>
<status status="PASS" starttime="20220402 11:19:16.502" endtime="20220402 11:19:18.507"/>
</kw>
<kw name="Verify Succesful Login" library="LoginKeywords">
<kw name="Title Should Be" library="SeleniumLibrary">
<arg>Dashboard / nopCommerce administration</arg>
<doc>Verifies that the current page title equals ``title``.</doc>
<msg timestamp="20220402 11:19:18.513" level="INFO">Page title is 'Dashboard / nopCommerce administration'.</msg>
<status status="PASS" starttime="20220402 11:19:18.508" endtime="20220402 11:19:18.513"/>
</kw>
<status status="PASS" starttime="20220402 11:19:18.507" endtime="20220402 11:19:18.513"/>
</kw>
<kw name="close my Browser" library="LoginKeywords">
<kw name="Close All Browsers" library="SeleniumLibrary">
<doc>Closes all open browsers and resets the browser cache.</doc>
<status status="PASS" starttime="20220402 11:19:18.513" endtime="20220402 11:19:20.611"/>
</kw>
<status status="PASS" starttime="20220402 11:19:18.513" endtime="20220402 11:19:20.612"/>
</kw>
<status status="PASS" starttime="20220402 11:19:09.311" endtime="20220402 11:19:20.613"/>
</test>
<status status="PASS" starttime="20220402 11:19:09.118" endtime="20220402 11:19:20.618"/>
</suite>
<statistics>
<total>
<stat pass="1" fail="0" skip="0">All Tests</stat>
</total>
<tag>
</tag>
<suite>
<stat pass="1" fail="0" skip="0" id="s1" name="LoginTest">LoginTest</stat>
</suite>
</statistics>
<errors>
</errors>
</robot>
