<?xml version="1.0" encoding="UTF-8"?>
<robot generator="Robot 5.0 (Python 3.9.7 on win32)" generated="20220401 19:34:03.333" rpa="false" schemaversion="3">
<suite id="s1" name="DDT2 CSV" source="C:\Users\rully\PycharmProjects\TestProject\TestCases\DDT2_CSV.robot">
<kw name="Open my Browser" library="login_resources" type="SETUP">
<kw name="Open Browser" library="SeleniumLibrary">
<arg>${LOGIN URL}</arg>
<arg>${BROWSER}</arg>
<doc>Opens a new browser instance to the optional ``url``.</doc>
<msg timestamp="20220401 19:34:03.545" level="INFO">Opening browser 'chrome' to base url 'https://admin-demo.nopcommerce.com/'.</msg>
<status status="PASS" starttime="20220401 19:34:03.544" endtime="20220401 19:34:06.360"/>
</kw>
<kw name="Maximize Browser Window" library="SeleniumLibrary">
<doc>Maximizes current browser window.</doc>
<status status="PASS" starttime="20220401 19:34:06.360" endtime="20220401 19:34:06.472"/>
</kw>
<status status="PASS" starttime="20220401 19:34:03.544" endtime="20220401 19:34:06.473"/>
</kw>
<test id="s1-t1" name="LoginTestwithCSV using ${username} And adm" line="12">
<kw name="Invalid login">
<arg>${username}</arg>
<arg>adm</arg>
<msg timestamp="20220401 19:34:06.476" level="FAIL">Variable '${username}' not found.</msg>
<status status="FAIL" starttime="20220401 19:34:06.475" endtime="20220401 19:34:06.476"/>
</kw>
<status status="FAIL" starttime="20220401 19:34:06.473" endtime="20220401 19:34:06.477">Variable '${username}' not found.</status>
</test>
<test id="s1-t2" name="LoginTestwithCSV using ${username} And admin" line="12">
<kw name="Invalid login">
<arg>${username}</arg>
<arg>admin</arg>
<msg timestamp="20220401 19:34:06.480" level="FAIL">Variable '${username}' not found.</msg>
<status status="FAIL" starttime="20220401 19:34:06.480" endtime="20220401 19:34:06.480"/>
</kw>
<status status="FAIL" starttime="20220401 19:34:06.478" endtime="20220401 19:34:06.481">Variable '${username}' not found.</status>
</test>
<test id="s1-t3" name="LoginTestwithCSV using ${username} And adm" line="12">
<kw name="Invalid login">
<arg>${username}</arg>
<arg>adm</arg>
<msg timestamp="20220401 19:34:06.485" level="FAIL">Variable '${username}' not found.</msg>
<status status="FAIL" starttime="20220401 19:34:06.485" endtime="20220401 19:34:06.485"/>
</kw>
<status status="FAIL" starttime="20220401 19:34:06.483" endtime="20220401 19:34:06.486">Variable '${username}' not found.</status>
</test>
<kw name="Close Browsers" library="login_resources" type="TEARDOWN">
<kw name="Close All Browsers" library="SeleniumLibrary">
<doc>Closes all open browsers and resets the browser cache.</doc>
<status status="PASS" starttime="20220401 19:34:06.487" endtime="20220401 19:34:08.558"/>
</kw>
<status status="PASS" starttime="20220401 19:34:06.487" endtime="20220401 19:34:08.558"/>
</kw>
<status status="FAIL" starttime="20220401 19:34:03.335" endtime="20220401 19:34:08.558"/>
</suite>
<statistics>
<total>
<stat pass="0" fail="3" skip="0">All Tests</stat>
</total>
<tag>
</tag>
<suite>
<stat pass="0" fail="3" skip="0" id="s1" name="DDT2 CSV">DDT2 CSV</stat>
</suite>
</statistics>
<errors>
<msg timestamp="20220401 19:34:06.482" level="WARN">Multiple tests with name 'LoginTestwithCSV using ${username} And adm' executed in suite 'DDT2 CSV'.</msg>
</errors>
</robot>
