<?xml version="1.0" encoding="UTF-8"?>
<robot generator="Robot 5.0 (Python 3.9.7 on win32)" generated="20220331 21:39:32.715" rpa="false" schemaversion="3">
<suite id="s1" name="ForLoopDemo" source="C:\Users\rully\PycharmProjects\TestProject\TestCases\ForLoopDemo.robot">
<test id="s1-t1" name="Forloop6withExit" line="29">
<kw name="Create List" library="BuiltIn">
<var>@{items}</var>
<arg>1</arg>
<arg>2</arg>
<arg>3</arg>
<arg>4</arg>
<arg>5</arg>
<doc>Returns a list containing given items.</doc>
<msg timestamp="20220331 21:39:32.745" level="INFO">@{items} = [ 1 | 2 | 3 | 4 | 5 ]</msg>
<status status="PASS" starttime="20220331 21:39:32.735" endtime="20220331 21:39:32.745"/>
</kw>
<for flavor="IN">
<var>${i}</var>
<value>@{items}</value>
<iter>
<var name="${i}">1</var>
<kw name="Log To Console" library="BuiltIn">
<arg>${i}</arg>
<doc>Logs the given message to the console.</doc>
<status status="PASS" starttime="20220331 21:39:32.745" endtime="20220331 21:39:32.745"/>
</kw>
<kw name="Exit For Loop If" library="BuiltIn">
<arg>${i}==3</arg>
<doc>Stops executing the enclosing FOR loop if the ``condition`` is true.</doc>
<status status="PASS" starttime="20220331 21:39:32.745" endtime="20220331 21:39:32.745"/>
</kw>
<status status="PASS" starttime="20220331 21:39:32.745" endtime="20220331 21:39:32.745"/>
</iter>
<iter>
<var name="${i}">2</var>
<kw name="Log To Console" library="BuiltIn">
<arg>${i}</arg>
<doc>Logs the given message to the console.</doc>
<status status="PASS" starttime="20220331 21:39:32.745" endtime="20220331 21:39:32.745"/>
</kw>
<kw name="Exit For Loop If" library="BuiltIn">
<arg>${i}==3</arg>
<doc>Stops executing the enclosing FOR loop if the ``condition`` is true.</doc>
<status status="PASS" starttime="20220331 21:39:32.745" endtime="20220331 21:39:32.745"/>
</kw>
<status status="PASS" starttime="20220331 21:39:32.745" endtime="20220331 21:39:32.745"/>
</iter>
<iter>
<var name="${i}">3</var>
<kw name="Log To Console" library="BuiltIn">
<arg>${i}</arg>
<doc>Logs the given message to the console.</doc>
<status status="PASS" starttime="20220331 21:39:32.745" endtime="20220331 21:39:32.745"/>
</kw>
<kw name="Exit For Loop If" library="BuiltIn">
<arg>${i}==3</arg>
<doc>Stops executing the enclosing FOR loop if the ``condition`` is true.</doc>
<msg timestamp="20220331 21:39:32.745" level="INFO">Exiting for loop altogether.</msg>
<status status="PASS" starttime="20220331 21:39:32.745" endtime="20220331 21:39:32.745"/>
</kw>
<status status="PASS" starttime="20220331 21:39:32.745" endtime="20220331 21:39:32.745"/>
</iter>
<status status="PASS" starttime="20220331 21:39:32.745" endtime="20220331 21:39:32.745"/>
</for>
<status status="PASS" starttime="20220331 21:39:32.735" endtime="20220331 21:39:32.745"/>
</test>
<status status="PASS" starttime="20220331 21:39:32.715" endtime="20220331 21:39:32.745"/>
</suite>
<statistics>
<total>
<stat pass="1" fail="0" skip="0">All Tests</stat>
</total>
<tag>
</tag>
<suite>
<stat pass="1" fail="0" skip="0" id="s1" name="ForLoopDemo">ForLoopDemo</stat>
</suite>
</statistics>
<errors>
</errors>
</robot>
