<?xml version="1.0" encoding="UTF-8"?>
<robot generator="Robot 5.0 (Python 3.9.7 on win32)" generated="20220329 11:20:14.056" rpa="false" schemaversion="3">
<suite id="s1" name="CaptureScreen" source="C:\Users\rully\PycharmProjects\TestProject\TestCases\CaptureScreen.robot">
<test id="s1-t1" name="LoginTC" line="5">
<kw name="Open Browser" library="SeleniumLibrary">
<arg>https://mdlposgrados.cuvalles.udg.mx/login/index.php</arg>
<arg>chrome</arg>
<doc>Opens a new browser instance to the optional ``url``.</doc>
<msg timestamp="20220329 11:20:14.243" level="INFO">Opening browser 'chrome' to base url 'https://mdlposgrados.cuvalles.udg.mx/login/index.php'.</msg>
<status status="PASS" starttime="20220329 11:20:14.243" endtime="20220329 11:20:17.853"/>
</kw>
<kw name="Maximize Browser Window" library="SeleniumLibrary">
<doc>Maximizes current browser window.</doc>
<status status="PASS" starttime="20220329 11:20:17.854" endtime="20220329 11:20:17.979"/>
</kw>
<kw name="Input Text" library="SeleniumLibrary">
<arg>id:username</arg>
<arg>promis21b5</arg>
<doc>Types the given ``text`` into the text field identified by ``locator``.</doc>
<msg timestamp="20220329 11:20:17.980" level="INFO">Typing text 'promis21b5' into text field 'id:username'.</msg>
<status status="PASS" starttime="20220329 11:20:17.979" endtime="20220329 11:20:18.049"/>
</kw>
<kw name="Input Text" library="SeleniumLibrary">
<arg>id:password</arg>
<arg>gordo</arg>
<doc>Types the given ``text`` into the text field identified by ``locator``.</doc>
<msg timestamp="20220329 11:20:18.050" level="INFO">Typing text 'gordo' into text field 'id:password'.</msg>
<status status="PASS" starttime="20220329 11:20:18.050" endtime="20220329 11:20:18.116"/>
</kw>
<kw name="Capture Element Screenshot" library="SeleniumLibrary">
<arg>xpath://*[@id="page-footer"]/div/div/div[2]/div[1]/img</arg>
<arg>LogoNLocation.png</arg>
<doc>Captures a screenshot from the element identified by ``locator`` and embeds it into log file.</doc>
<msg timestamp="20220329 11:20:18.200" level="INFO" html="true">&lt;/td&gt;&lt;/tr&gt;&lt;tr&gt;&lt;td colspan="3"&gt;&lt;a href="LogoNLocation.png"&gt;&lt;img src="LogoNLocation.png" width="400px"&gt;&lt;/a&gt;</msg>
<status status="PASS" starttime="20220329 11:20:18.116" endtime="20220329 11:20:18.201"/>
</kw>
<kw name="Capture Page Screenshot" library="SeleniumLibrary">
<arg>LoginTCNLocation.png</arg>
<doc>Takes a screenshot of the current page and embeds it into a log file.</doc>
<msg timestamp="20220329 11:20:18.859" level="INFO" html="true">&lt;/td&gt;&lt;/tr&gt;&lt;tr&gt;&lt;td colspan="3"&gt;&lt;a href="LoginTCNLocation.png"&gt;&lt;img src="LoginTCNLocation.png" width="800px"&gt;&lt;/a&gt;</msg>
<status status="PASS" starttime="20220329 11:20:18.201" endtime="20220329 11:20:18.860"/>
</kw>
<status status="PASS" starttime="20220329 11:20:14.242" endtime="20220329 11:20:18.860"/>
</test>
<status status="PASS" starttime="20220329 11:20:14.058" endtime="20220329 11:20:18.861"/>
</suite>
<statistics>
<total>
<stat pass="1" fail="0" skip="0">All Tests</stat>
</total>
<tag>
</tag>
<suite>
<stat pass="1" fail="0" skip="0" id="s1" name="CaptureScreen">CaptureScreen</stat>
</suite>
</statistics>
<errors>
</errors>
</robot>
